[debug] ----------------------------------------------------------------------
[debug] Command:      C:\Program Files\nodejs\node.exe C:\Users\Rojean\AppData\Roaming\npm\node_modules\firebase-tools\bin\firebase serve
[debug] CLI Version:  3.2.2
[debug] Platform:     win32
[debug] Node Version: v4.4.7
[debug] Time:         Mon Feb 06 2017 19:09:26 GMT+0800 (China Standard Time)
[debug] ----------------------------------------------------------------------
[debug] 
[info] Starting Firebase development server...
[info] 
[info] Project Directory: D:\Lessons\OpenSource2\friendlychat\web-start
[info] Public Directory: ./
[info] 
[info] Server listening at: http://localhost:5000
[info] Shutting down...
[debug] ----------------------------------------------------------------------
[debug] Command:      C:\Program Files\nodejs\node.exe C:\Users\Rojean\AppData\Roaming\npm\node_modules\firebase-tools\bin\firebase serve
[debug] CLI Version:  3.2.2
[debug] Platform:     win32
[debug] Node Version: v4.4.7
[debug] Time:         Mon Feb 06 2017 23:21:50 GMT+0800 (China Standard Time)
[debug] ----------------------------------------------------------------------
[debug] 
[info] Starting Firebase development server...
[info] 
[info] Project Directory: D:\Lessons\OpenSource2\friendlychat\web-start
[info] Public Directory: ./
[info] 
[info] Server listening at: http://localhost:5000
[info] Shutting down...
[debug] ----------------------------------------------------------------------
[debug] Command:      C:\Program Files\nodejs\node.exe C:\Users\Rojean\AppData\Roaming\npm\node_modules\firebase-tools\bin\firebase serve
[debug] CLI Version:  3.2.2
[debug] Platform:     win32
[debug] Node Version: v4.4.7
[debug] Time:         Mon Feb 06 2017 23:54:24 GMT+0800 (China Standard Time)
[debug] ----------------------------------------------------------------------
[debug] 
[info] Starting Firebase development server...
[info] 
[info] Project Directory: D:\Lessons\OpenSource2\friendlychat\web-start
[info] Public Directory: ./
[info] 
[info] Server listening at: http://localhost:5000
[info] Shutting down...
